[2022-02-24T23:41:09.656] [DEBUG] cheese - login => username:admin,password:123456
[2022-02-24T23:41:09.659] [DEBUG] cheese - admin
[2022-02-24T23:41:09.669] [DEBUG] cheese - { inspect: [Function: inspect] }
[2022-02-24T23:41:09.672] [DEBUG] cheese - 查询失败
[2022-02-24T23:41:09.680] [DEBUG] cheese - login => username:admin,password:123456
[2022-02-24T23:41:09.680] [DEBUG] cheese - admin
[2022-02-24T23:41:09.684] [DEBUG] cheese - { inspect: [Function: inspect] }
[2022-02-24T23:41:09.685] [DEBUG] cheese - 查询失败
[2022-02-24T23:41:14.990] [DEBUG] cheese - login => username:admin,password:123456
[2022-02-24T23:41:14.990] [DEBUG] cheese - admin
[2022-02-24T23:41:14.993] [DEBUG] cheese - { inspect: [Function: inspect] }
[2022-02-24T23:41:14.993] [DEBUG] cheese - 查询失败
[2022-02-24T23:41:14.999] [DEBUG] cheese - login => username:admin,password:123456
[2022-02-24T23:41:14.999] [DEBUG] cheese - admin
[2022-02-24T23:41:15.002] [DEBUG] cheese - { inspect: [Function: inspect] }
[2022-02-24T23:41:15.002] [DEBUG] cheese - 查询失败
[2022-02-24T23:41:17.413] [DEBUG] cheese - login => username:admin,password:123456
[2022-02-24T23:41:17.413] [DEBUG] cheese - admin
[2022-02-24T23:41:17.417] [DEBUG] cheese - { inspect: [Function: inspect] }
[2022-02-24T23:41:17.417] [DEBUG] cheese - 查询失败
[2022-02-24T23:41:17.423] [DEBUG] cheese - login => username:admin,password:123456
[2022-02-24T23:41:17.423] [DEBUG] cheese - admin
[2022-02-24T23:41:17.426] [DEBUG] cheese - { inspect: [Function: inspect] }
[2022-02-24T23:41:17.427] [DEBUG] cheese - 查询失败
[2022-02-24T23:42:00.160] [DEBUG] cheese - login => username:admin,password:123456
[2022-02-24T23:42:00.160] [DEBUG] cheese - admin
[2022-02-24T23:42:00.163] [DEBUG] cheese - { inspect: [Function: inspect] }
[2022-02-24T23:42:00.163] [DEBUG] cheese - 查询失败
[2022-02-24T23:42:00.168] [DEBUG] cheese - login => username:admin,password:123456
[2022-02-24T23:42:00.168] [DEBUG] cheese - admin
[2022-02-24T23:42:00.172] [DEBUG] cheese - { inspect: [Function: inspect] }
[2022-02-24T23:42:00.172] [DEBUG] cheese - 查询失败
[2022-02-25T00:53:29.061] [DEBUG] cheese - login => username:admin,password:123456
[2022-02-25T00:53:29.062] [DEBUG] cheese - admin
[2022-02-25T00:53:29.071] [DEBUG] cheese - null
[2022-02-25T00:53:29.072] [DEBUG] cheese - null
[2022-02-25T00:53:29.164] [DEBUG] cheese - login => username:admin,password:123456
[2022-02-25T00:53:29.164] [DEBUG] cheese - admin
[2022-02-25T00:53:29.167] [DEBUG] cheese - null
[2022-02-25T00:53:29.167] [DEBUG] cheese - null
[2022-02-25T00:53:54.490] [DEBUG] cheese - login => username:admin,password:123456
[2022-02-25T00:53:54.490] [DEBUG] cheese - admin
[2022-02-25T00:53:54.492] [DEBUG] cheese - null
[2022-02-25T00:53:54.492] [DEBUG] cheese - null
[2022-02-25T00:53:54.562] [DEBUG] cheese - login => username:admin,password:123456
[2022-02-25T00:53:54.562] [DEBUG] cheese - admin
[2022-02-25T00:53:54.564] [DEBUG] cheese - null
[2022-02-25T00:53:54.564] [DEBUG] cheese - null
[2022-02-25T01:50:38.580] [DEBUG] cheese - null
[2022-02-25T01:52:06.687] [DEBUG] cheese - login => username:admin,password:123456
[2022-02-25T01:52:06.688] [DEBUG] cheese - admin
[2022-02-25T01:52:06.692] [DEBUG] cheese - null
[2022-02-25T01:52:06.692] [DEBUG] cheese - null
[2022-02-25T01:52:06.765] [DEBUG] cheese - login => username:admin,password:123456
[2022-02-25T01:52:06.765] [DEBUG] cheese - admin
[2022-02-25T01:52:06.768] [DEBUG] cheese - null
[2022-02-25T01:52:06.768] [DEBUG] cheese - null
[2022-02-25T01:57:21.678] [DEBUG] cheese - login => username:zs,password:root1
[2022-02-25T01:57:21.678] [DEBUG] cheese - zs
[2022-02-25T01:57:21.680] [DEBUG] cheese - null
[2022-02-25T01:57:21.680] [DEBUG] cheese - null
[2022-02-25T01:57:41.803] [DEBUG] cheese - login => username:admin,password:root1
[2022-02-25T01:57:41.803] [DEBUG] cheese - admin
[2022-02-25T01:57:41.805] [DEBUG] cheese - null
[2022-02-25T01:57:41.805] [DEBUG] cheese - null
[2022-02-25T01:58:06.695] [DEBUG] cheese - login => username:admin,password:root1
[2022-02-25T01:58:06.695] [DEBUG] cheese - admin
[2022-02-25T01:58:06.698] [DEBUG] cheese - null
[2022-02-25T01:58:06.698] [DEBUG] cheese - null
[2022-02-25T01:58:08.235] [DEBUG] cheese - login => username:admin,password:root1
[2022-02-25T01:58:08.236] [DEBUG] cheese - admin
[2022-02-25T01:58:08.237] [DEBUG] cheese - null
[2022-02-25T01:58:08.237] [DEBUG] cheese - null
[2022-02-25T02:00:53.658] [DEBUG] cheese - login => username:admin,password:root1
[2022-02-25T02:00:53.658] [DEBUG] cheese - admin
[2022-02-25T02:00:53.660] [DEBUG] cheese - null
[2022-02-25T02:00:53.660] [DEBUG] cheese - null
[2022-02-25T02:19:23.815] [DEBUG] cheese - login => username:admin,password:123456
[2022-02-25T02:19:23.815] [DEBUG] cheese - admin
[2022-02-25T02:19:23.818] [DEBUG] cheese - null
[2022-02-25T02:19:23.818] [DEBUG] cheese - null
[2022-02-25T02:19:23.891] [DEBUG] cheese - login => username:admin,password:123456
[2022-02-25T02:19:23.891] [DEBUG] cheese - admin
[2022-02-25T02:19:23.893] [DEBUG] cheese - null
[2022-02-25T02:19:23.893] [DEBUG] cheese - null
[2022-02-25T09:41:34.018] [DEBUG] cheese - login => username:admin,password:123456
[2022-02-25T09:41:34.019] [DEBUG] cheese - admin
[2022-02-25T09:41:34.030] [DEBUG] cheese - null
[2022-02-25T09:41:34.031] [DEBUG] cheese - null
[2022-02-25T09:41:34.122] [DEBUG] cheese - login => username:admin,password:123456
[2022-02-25T09:41:34.122] [DEBUG] cheese - admin
[2022-02-25T09:41:34.124] [DEBUG] cheese - null
[2022-02-25T09:41:34.124] [DEBUG] cheese - null
[2022-02-25T09:50:30.491] [DEBUG] cheese - login => username:admin,password:123456
[2022-02-25T09:50:30.492] [DEBUG] cheese - admin
[2022-02-25T09:50:30.494] [DEBUG] cheese - null
[2022-02-25T09:50:30.494] [DEBUG] cheese - null
[2022-02-25T09:50:30.564] [DEBUG] cheese - login => username:admin,password:123456
[2022-02-25T09:50:30.564] [DEBUG] cheese - admin
[2022-02-25T09:50:30.566] [DEBUG] cheese - null
[2022-02-25T09:50:30.566] [DEBUG] cheese - null
[2022-02-25T10:46:21.852] [DEBUG] cheese - login => username:admin,password:123456
[2022-02-25T10:46:21.852] [DEBUG] cheese - admin
[2022-02-25T10:46:21.856] [DEBUG] cheese - null
[2022-02-25T10:46:21.856] [DEBUG] cheese - null
[2022-02-25T10:46:21.927] [DEBUG] cheese - login => username:admin,password:123456
[2022-02-25T10:46:21.927] [DEBUG] cheese - admin
[2022-02-25T10:46:21.930] [DEBUG] cheese - null
[2022-02-25T10:46:21.930] [DEBUG] cheese - null
[2022-02-25T11:18:23.826] [DEBUG] cheese - login => username:admin,password:123456
[2022-02-25T11:18:23.826] [DEBUG] cheese - admin
[2022-02-25T11:18:23.829] [DEBUG] cheese - null
[2022-02-25T11:18:23.829] [DEBUG] cheese - null
[2022-02-25T11:18:23.902] [DEBUG] cheese - login => username:admin,password:123456
[2022-02-25T11:18:23.902] [DEBUG] cheese - admin
[2022-02-25T11:18:23.904] [DEBUG] cheese - null
[2022-02-25T11:18:23.904] [DEBUG] cheese - null
[2022-02-25T11:19:03.527] [DEBUG] cheese - login => username:admin,password:123456
[2022-02-25T11:19:03.527] [DEBUG] cheese - admin
[2022-02-25T11:19:03.530] [DEBUG] cheese - null
[2022-02-25T11:19:03.532] [DEBUG] cheese - null
[2022-02-25T11:19:03.603] [DEBUG] cheese - login => username:admin,password:123456
[2022-02-25T11:19:03.603] [DEBUG] cheese - admin
[2022-02-25T11:19:03.605] [DEBUG] cheese - null
[2022-02-25T11:19:03.605] [DEBUG] cheese - null
[2022-02-25T11:51:51.554] [DEBUG] cheese - login => username:admin,password:123456
[2022-02-25T11:51:51.556] [DEBUG] cheese - admin
[2022-02-25T11:51:51.567] [DEBUG] cheese - null
[2022-02-25T11:51:51.568] [DEBUG] cheese - null
[2022-02-25T11:51:51.667] [DEBUG] cheese - login => username:admin,password:123456
[2022-02-25T11:51:51.667] [DEBUG] cheese - admin
[2022-02-25T11:51:51.670] [DEBUG] cheese - null
[2022-02-25T11:51:51.670] [DEBUG] cheese - null
[2022-02-25T11:56:32.978] [DEBUG] cheese - login => username:admin,password:121222
[2022-02-25T11:56:32.978] [DEBUG] cheese - admin
[2022-02-25T11:56:32.981] [DEBUG] cheese - null
[2022-02-25T11:56:32.981] [DEBUG] cheese - null
[2022-02-25T11:56:33.054] [DEBUG] cheese - login => username:admin,password:121222
[2022-02-25T11:56:33.054] [DEBUG] cheese - admin
[2022-02-25T11:56:33.056] [DEBUG] cheese - null
[2022-02-25T11:56:33.056] [DEBUG] cheese - null
[2022-02-25T11:56:37.942] [DEBUG] cheese - login => username:admin,password:222222
[2022-02-25T11:56:37.942] [DEBUG] cheese - admin
[2022-02-25T11:56:37.943] [DEBUG] cheese - null
[2022-02-25T11:56:37.943] [DEBUG] cheese - null
[2022-02-25T11:56:38.015] [DEBUG] cheese - login => username:admin,password:222222
[2022-02-25T11:56:38.015] [DEBUG] cheese - admin
[2022-02-25T11:56:38.017] [DEBUG] cheese - null
[2022-02-25T11:56:38.017] [DEBUG] cheese - null
[2022-02-25T11:56:42.010] [DEBUG] cheese - login => username:admin,password:123456
[2022-02-25T11:56:42.010] [DEBUG] cheese - admin
[2022-02-25T11:56:42.012] [DEBUG] cheese - null
[2022-02-25T11:56:42.012] [DEBUG] cheese - null
[2022-02-25T11:56:42.083] [DEBUG] cheese - login => username:admin,password:123456
[2022-02-25T11:56:42.083] [DEBUG] cheese - admin
[2022-02-25T11:56:42.085] [DEBUG] cheese - null
[2022-02-25T11:56:42.086] [DEBUG] cheese - null
[2022-02-25T12:15:51.347] [DEBUG] cheese - login => username:admin,password:123456
[2022-02-25T12:15:51.347] [DEBUG] cheese - admin
[2022-02-25T12:15:51.349] [DEBUG] cheese - null
[2022-02-25T12:15:51.349] [DEBUG] cheese - null
[2022-02-25T12:15:51.422] [DEBUG] cheese - login => username:admin,password:123456
[2022-02-25T12:15:51.422] [DEBUG] cheese - admin
[2022-02-25T12:15:51.424] [DEBUG] cheese - null
[2022-02-25T12:15:51.424] [DEBUG] cheese - null
[2022-02-25T12:17:27.501] [DEBUG] cheese - login => username:admin,password:123456
[2022-02-25T12:17:27.501] [DEBUG] cheese - admin
[2022-02-25T12:17:27.502] [DEBUG] cheese - null
[2022-02-25T12:17:27.502] [DEBUG] cheese - null
[2022-02-25T12:17:27.574] [DEBUG] cheese - login => username:admin,password:123456
[2022-02-25T12:17:27.574] [DEBUG] cheese - admin
[2022-02-25T12:17:27.576] [DEBUG] cheese - null
[2022-02-25T12:17:27.576] [DEBUG] cheese - null
